[0.284s] Invoking command in '/home/megan/mega_ws/src/humble_mega_beetle_cmake/build/humble_mega_beetle_cmake': CMAKE_PREFIX_PATH=${CMAKE_PREFIX_PATH}:/home/megan/mega_ws/install/humble_mega_beetle:/opt/ros/humble:/home/megan/ros2_humble/install/rqt_bag_plugins:/home/megan/ros2_humble/install/rqt_bag:/home/megan/ros2_humble/install/ros2bag:/home/megan/ros2_humble/install/tracetools_test:/home/megan/ros2_humble/install/tracetools_launch:/home/megan/ros2_humble/install/topic_monitor:/home/megan/ros2_humble/install/tf2_tools:/home/megan/ros2_humble/install/examples_tf2_py:/home/megan/ros2_humble/install/tf2_ros_py:/home/megan/ros2_humble/install/sros2:/home/megan/ros2_humble/install/rqt_topic:/home/megan/ros2_humble/install/rqt_srv:/home/megan/ros2_humble/install/rqt_shell:/home/megan/ros2_humble/install/rqt_service_caller:/home/megan/ros2_humble/install/rqt_reconfigure:/home/megan/ros2_humble/install/rqt_py_console:/home/megan/ros2_humble/install/rqt_publisher:/home/megan/ros2_humble/install/rqt_plot:/home/megan/ros2_humble/install/rqt_action:/home/megan/ros2_humble/install/rqt_msg:/home/megan/ros2_humble/install/rqt_console:/home/megan/ros2_humble/install/rqt:/home/megan/ros2_humble/install/rqt_graph:/home/megan/ros2_humble/install/rqt_gui_py:/home/megan/ros2_humble/install/rqt_gui:/home/megan/ros2_humble/install/ros2trace:/home/megan/ros2_humble/install/ros2topic:/home/megan/ros2_humble/install/ros2test:/home/megan/ros2_humble/install/ros2component:/home/megan/ros2_humble/install/ros2param:/home/megan/ros2_humble/install/ros2lifecycle:/home/megan/ros2_humble/install/ros2service:/home/megan/ros2_humble/install/ros2run:/home/megan/ros2_humble/install/ros2launch:/home/megan/ros2_humble/install/ros2pkg:/home/megan/ros2_humble/install/ros2node:/home/megan/ros2_humble/install/ros2multicast:/home/megan/ros2_humble/install/ros2interface:/home/megan/ros2_humble/install/ros2doctor:/home/megan/ros2_humble/install/ros2action:/home/megan/ros2_humble/install/ros2cli:/home/megan/ros2_humble/install/quality_of_service_demo_py:/home/megan/ros2_humble/install/lifecycle_py:/home/megan/ros2_humble/install/launch_testing_ros:/home/megan/ros2_humble/install/launch_ros:/home/megan/ros2_humble/install/examples_rclpy_pointcloud_publisher:/home/megan/ros2_humble/install/examples_rclpy_minimal_subscriber:/home/megan/ros2_humble/install/examples_rclpy_minimal_service:/home/megan/ros2_humble/install/examples_rclpy_minimal_publisher:/home/megan/ros2_humble/install/examples_rclpy_minimal_client:/home/megan/ros2_humble/install/examples_rclpy_minimal_action_server:/home/megan/ros2_humble/install/examples_rclpy_minimal_action_client:/home/megan/ros2_humble/install/examples_rclpy_guard_conditions:/home/megan/ros2_humble/install/examples_rclpy_executors:/home/megan/ros2_humble/install/demo_nodes_py:/home/megan/ros2_humble/install/action_tutorials_py:/home/megan/ros2_humble/install/ament_uncrustify:/home/megan/ros2_humble/install/tracetools_trace:/home/megan/ros2_humble/install/tracetools_read:/home/megan/ros2_humble/install/test_tracetools_launch:/home/megan/ros2_humble/install/test_launch_ros:/home/megan/ros2_humble/install/sensor_msgs_py:/home/megan/ros2_humble/install/rpyutils:/home/megan/ros2_humble/install/rosidl_runtime_py:/home/megan/ros2_humble/install/rosidl_cli:/home/megan/ros2_humble/install/launch_pytest:/home/megan/ros2_humble/install/launch_testing:/home/megan/ros2_humble/install/launch_yaml:/home/megan/ros2_humble/install/launch_xml:/home/megan/ros2_humble/install/launch:/home/megan/ros2_humble/install/osrf_pycommon:/home/megan/ros2_humble/install/launch_testing_examples:/home/megan/ros2_humble/install/domain_coordinator:/home/megan/ros2_humble/install/ament_xmllint:/home/megan/ros2_humble/install/ament_pyflakes:/home/megan/ros2_humble/install/ament_pycodestyle:/home/megan/ros2_humble/install/ament_pep257:/home/megan/ros2_humble/install/ament_pclint:/home/megan/ros2_humble/install/ament_package:/home/megan/ros2_humble/install/ament_mypy:/home/megan/ros2_humble/install/ament_lint_cmake:/home/megan/ros2_humble/install/ament_flake8:/home/megan/ros2_humble/install/ament_copyright:/home/megan/ros2_humble/install/ament_lint:/home/megan/ros2_humble/install/ament_index_python:/home/megan/ros2_humble/install/ament_cpplint:/home/megan/ros2_humble/install/ament_cppcheck:/home/megan/ros2_humble/install/ament_clang_tidy:/home/megan/ros2_humble/install/ament_clang_format /usr/bin/cmake /home/megan/mega_ws/src/humble_mega_beetle_cmake -DCMAKE_INSTALL_PREFIX=/home/megan/mega_ws/src/humble_mega_beetle_cmake/install/humble_mega_beetle_cmake
[2.258s] -- The C compiler identification is GNU 11.4.0
[3.596s] -- The CXX compiler identification is GNU 11.4.0
[3.696s] -- Detecting C compiler ABI info
[5.163s] -- Detecting C compiler ABI info - done
[5.191s] -- Check for working C compiler: /usr/bin/cc - skipped
[5.193s] -- Detecting C compile features
[5.195s] -- Detecting C compile features - done
[5.213s] -- Detecting CXX compiler ABI info
[6.707s] -- Detecting CXX compiler ABI info - done
[6.733s] -- Check for working CXX compiler: /usr/bin/c++ - skipped
[6.734s] -- Detecting CXX compile features
[6.736s] -- Detecting CXX compile features - done
[7.096s] -- Found ament_cmake: 1.3.8 (/home/megan/ros2_humble/install/ament_cmake/share/ament_cmake/cmake)
[10.811s] -- Found Python3: /usr/bin/python3 (found version "3.10.12") found components: Interpreter 
[15.906s] -- Found rclcpp: 16.0.8 (/home/megan/ros2_humble/install/rclcpp/share/rclcpp/cmake)
[18.764s] -- Found rosidl_generator_c: 3.1.5 (/home/megan/ros2_humble/install/rosidl_generator_c/share/rosidl_generator_c/cmake)
[19.232s] -- Found rosidl_adapter: 3.1.5 (/home/megan/ros2_humble/install/rosidl_adapter/share/rosidl_adapter/cmake)
[19.714s] -- Found rosidl_generator_cpp: 3.1.5 (/home/megan/ros2_humble/install/rosidl_generator_cpp/share/rosidl_generator_cpp/cmake)
[20.345s] -- Using all available rosidl_typesupport_c: rosidl_typesupport_fastrtps_c;rosidl_typesupport_introspection_c
[21.213s] -- Using all available rosidl_typesupport_cpp: rosidl_typesupport_fastrtps_cpp;rosidl_typesupport_introspection_cpp
[21.373s] Invoked command in '/home/megan/mega_ws/src/humble_mega_beetle_cmake/build/humble_mega_beetle_cmake' returned '-2': CMAKE_PREFIX_PATH=${CMAKE_PREFIX_PATH}:/home/megan/mega_ws/install/humble_mega_beetle:/opt/ros/humble:/home/megan/ros2_humble/install/rqt_bag_plugins:/home/megan/ros2_humble/install/rqt_bag:/home/megan/ros2_humble/install/ros2bag:/home/megan/ros2_humble/install/tracetools_test:/home/megan/ros2_humble/install/tracetools_launch:/home/megan/ros2_humble/install/topic_monitor:/home/megan/ros2_humble/install/tf2_tools:/home/megan/ros2_humble/install/examples_tf2_py:/home/megan/ros2_humble/install/tf2_ros_py:/home/megan/ros2_humble/install/sros2:/home/megan/ros2_humble/install/rqt_topic:/home/megan/ros2_humble/install/rqt_srv:/home/megan/ros2_humble/install/rqt_shell:/home/megan/ros2_humble/install/rqt_service_caller:/home/megan/ros2_humble/install/rqt_reconfigure:/home/megan/ros2_humble/install/rqt_py_console:/home/megan/ros2_humble/install/rqt_publisher:/home/megan/ros2_humble/install/rqt_plot:/home/megan/ros2_humble/install/rqt_action:/home/megan/ros2_humble/install/rqt_msg:/home/megan/ros2_humble/install/rqt_console:/home/megan/ros2_humble/install/rqt:/home/megan/ros2_humble/install/rqt_graph:/home/megan/ros2_humble/install/rqt_gui_py:/home/megan/ros2_humble/install/rqt_gui:/home/megan/ros2_humble/install/ros2trace:/home/megan/ros2_humble/install/ros2topic:/home/megan/ros2_humble/install/ros2test:/home/megan/ros2_humble/install/ros2component:/home/megan/ros2_humble/install/ros2param:/home/megan/ros2_humble/install/ros2lifecycle:/home/megan/ros2_humble/install/ros2service:/home/megan/ros2_humble/install/ros2run:/home/megan/ros2_humble/install/ros2launch:/home/megan/ros2_humble/install/ros2pkg:/home/megan/ros2_humble/install/ros2node:/home/megan/ros2_humble/install/ros2multicast:/home/megan/ros2_humble/install/ros2interface:/home/megan/ros2_humble/install/ros2doctor:/home/megan/ros2_humble/install/ros2action:/home/megan/ros2_humble/install/ros2cli:/home/megan/ros2_humble/install/quality_of_service_demo_py:/home/megan/ros2_humble/install/lifecycle_py:/home/megan/ros2_humble/install/launch_testing_ros:/home/megan/ros2_humble/install/launch_ros:/home/megan/ros2_humble/install/examples_rclpy_pointcloud_publisher:/home/megan/ros2_humble/install/examples_rclpy_minimal_subscriber:/home/megan/ros2_humble/install/examples_rclpy_minimal_service:/home/megan/ros2_humble/install/examples_rclpy_minimal_publisher:/home/megan/ros2_humble/install/examples_rclpy_minimal_client:/home/megan/ros2_humble/install/examples_rclpy_minimal_action_server:/home/megan/ros2_humble/install/examples_rclpy_minimal_action_client:/home/megan/ros2_humble/install/examples_rclpy_guard_conditions:/home/megan/ros2_humble/install/examples_rclpy_executors:/home/megan/ros2_humble/install/demo_nodes_py:/home/megan/ros2_humble/install/action_tutorials_py:/home/megan/ros2_humble/install/ament_uncrustify:/home/megan/ros2_humble/install/tracetools_trace:/home/megan/ros2_humble/install/tracetools_read:/home/megan/ros2_humble/install/test_tracetools_launch:/home/megan/ros2_humble/install/test_launch_ros:/home/megan/ros2_humble/install/sensor_msgs_py:/home/megan/ros2_humble/install/rpyutils:/home/megan/ros2_humble/install/rosidl_runtime_py:/home/megan/ros2_humble/install/rosidl_cli:/home/megan/ros2_humble/install/launch_pytest:/home/megan/ros2_humble/install/launch_testing:/home/megan/ros2_humble/install/launch_yaml:/home/megan/ros2_humble/install/launch_xml:/home/megan/ros2_humble/install/launch:/home/megan/ros2_humble/install/osrf_pycommon:/home/megan/ros2_humble/install/launch_testing_examples:/home/megan/ros2_humble/install/domain_coordinator:/home/megan/ros2_humble/install/ament_xmllint:/home/megan/ros2_humble/install/ament_pyflakes:/home/megan/ros2_humble/install/ament_pycodestyle:/home/megan/ros2_humble/install/ament_pep257:/home/megan/ros2_humble/install/ament_pclint:/home/megan/ros2_humble/install/ament_package:/home/megan/ros2_humble/install/ament_mypy:/home/megan/ros2_humble/install/ament_lint_cmake:/home/megan/ros2_humble/install/ament_flake8:/home/megan/ros2_humble/install/ament_copyright:/home/megan/ros2_humble/install/ament_lint:/home/megan/ros2_humble/install/ament_index_python:/home/megan/ros2_humble/install/ament_cpplint:/home/megan/ros2_humble/install/ament_cppcheck:/home/megan/ros2_humble/install/ament_clang_tidy:/home/megan/ros2_humble/install/ament_clang_format /usr/bin/cmake /home/megan/mega_ws/src/humble_mega_beetle_cmake -DCMAKE_INSTALL_PREFIX=/home/megan/mega_ws/src/humble_mega_beetle_cmake/install/humble_mega_beetle_cmake
[21.391s] Traceback (most recent call last):
  File "/usr/lib/python3/dist-packages/colcon_parallel_executor/executor/parallel.py", line 75, in execute
    loop.run_until_complete(future)
  File "/usr/lib/python3.10/asyncio/base_events.py", line 636, in run_until_complete
    self.run_forever()
  File "/usr/lib/python3.10/asyncio/base_events.py", line 603, in run_forever
    self._run_once()
  File "/usr/lib/python3.10/asyncio/base_events.py", line 1871, in _run_once
    event_list = self._selector.select(timeout)
  File "/usr/lib/python3.10/selectors.py", line 469, in select
    fd_event_list = self._selector.poll(timeout, max_ev)
KeyboardInterrupt

During handling of the above exception, another exception occurred:

Traceback (most recent call last):
  File "/usr/lib/python3/dist-packages/colcon_core/executor/__init__.py", line 91, in __call__
    rc = await self.task(*args, **kwargs)
  File "/usr/lib/python3/dist-packages/colcon_core/task/__init__.py", line 93, in __call__
    return await task_method(*args, **kwargs)
  File "/usr/lib/python3/dist-packages/colcon_ros/task/ament_cmake/build.py", line 59, in build
    rc = await extension.build(
  File "/usr/lib/python3/dist-packages/colcon_cmake/task/cmake/build.py", line 87, in build
    rc = await self._reconfigure(args, env)
  File "/usr/lib/python3/dist-packages/colcon_cmake/task/cmake/build.py", line 182, in _reconfigure
    buildfile = get_buildfile(cmake_cache)
  File "/usr/lib/python3/dist-packages/colcon_cmake/task/cmake/__init__.py", line 114, in get_buildfile
    if 'Visual Studio' in generator:
TypeError: argument of type 'NoneType' is not iterable
